<?xml version="1.0" encoding="UTF-8"?>
<testsuite xmlns:xsi="http://www.w3.org/2001/XMLSchema-instance" xsi:noNamespaceSchemaLocation="https://maven.apache.org/surefire/maven-surefire-plugin/xsd/surefire-test-report-3.0.xsd" version="3.0" name="task3.Task3Test" time="4.094" tests="6" errors="0" skipped="0" failures="0">
  <properties>
[...]
</properties>
  <testcase name="isTypeClassInteractor" classname="task3.Task3Test" time="0.002"/>
  <testcase name="threadRun" classname="task3.Task3Test" time="0.535"/>
  <testcase name="hasServeDeclaredMethod" classname="task3.Task3Test" time="0.002"/>
  <testcase name="threadRun2" classname="task3.Task3Test" time="0.522"/>
  <testcase name="runConsumeOnly" classname="task3.Task3Test" time="3.018"/>
  <testcase name="hasConsumeDeclaredMethod" classname="task3.Task3Test" time="0.002"/>
</testsuite>